{"numTotalTestSuites":30,"numPassedTestSuites":30,"numFailedTestSuites":0,"numPendingTestSuites":0,"numTotalTests":49,"numPassedTests":49,"numFailedTests":0,"numPendingTests":0,"numTodoTests":0,"snapshot":{"added":0,"failure":false,"filesAdded":0,"filesRemoved":0,"filesRemovedList":[],"filesUnmatched":0,"filesUpdated":0,"matched":0,"total":0,"unchecked":0,"uncheckedKeysByFile":[],"unmatched":0,"updated":0,"didUpdate":false},"startTime":1757914713174,"success":true,"testResults":[{"assertionResults":[{"ancestorTitles":["Public CateringWidget (unauth)"],"fullName":"Public CateringWidget (unauth) renders initial loading or heading state","status":"passed","title":"renders initial loading or heading state","duration":5.621100000000297,"failureMessages":[],"meta":{}}],"startTime":1757914722801,"endTime":1757914722806.621,"status":"passed","message":"","name":"C:/Users/Drood/Desktop/Blunari SAAS/apps/client-dashboard/src/__tests__/publicCateringWidget.smoke.test.tsx"},{"assertionResults":[{"ancestorTitles":["Public BookingWidget (unauth)"],"fullName":"Public BookingWidget (unauth) renders loading state initially","status":"passed","title":"renders loading state initially","duration":11.822199999998702,"failureMessages":[],"meta":{}}],"startTime":1757914722586,"endTime":1757914722597.8223,"status":"passed","message":"","name":"C:/Users/Drood/Desktop/Blunari SAAS/apps/client-dashboard/src/__tests__/publicWidget.smoke.test.tsx"},{"assertionResults":[{"ancestorTitles":["Widget Management Component","Rendering and Basic Functionality"],"fullName":"Widget Management Component Rendering and Basic Functionality should render widget management interface correctly","status":"passed","title":"should render widget management interface correctly","duration":40.130200000000514,"failureMessages":[],"meta":{}},{"ancestorTitles":["Widget Management Component","Rendering and Basic Functionality"],"fullName":"Widget Management Component Rendering and Basic Functionality should handle create widget button click","status":"passed","title":"should handle create widget button click","duration":46.887399999999616,"failureMessages":[],"meta":{}},{"ancestorTitles":["Widget Management Component","Rendering and Basic Functionality"],"fullName":"Widget Management Component Rendering and Basic Functionality should display widget list items","status":"passed","title":"should display widget list items","duration":2.824800000000323,"failureMessages":[],"meta":{}},{"ancestorTitles":["Widget Management Component","Accessibility Testing"],"fullName":"Widget Management Component Accessibility Testing should meet accessibility standards","status":"passed","title":"should meet accessibility standards","duration":29.754300000000512,"failureMessages":[],"meta":{}},{"ancestorTitles":["Widget Management Component","Accessibility Testing"],"fullName":"Widget Management Component Accessibility Testing should support keyboard navigation","status":"passed","title":"should support keyboard navigation","duration":3.6225000000004,"failureMessages":[],"meta":{}},{"ancestorTitles":["Widget Management Component","Accessibility Testing"],"fullName":"Widget Management Component Accessibility Testing should have proper color contrast","status":"passed","title":"should have proper color contrast","duration":4.5560999999997875,"failureMessages":[],"meta":{}},{"ancestorTitles":["Widget Management Component","Performance Testing"],"fullName":"Widget Management Component Performance Testing retains basic rendering stability","status":"passed","title":"retains basic rendering stability","duration":1.4170999999996639,"failureMessages":[],"meta":{}},{"ancestorTitles":["Widget Management Component","Integration Testing"],"fullName":"Widget Management Component Integration Testing should integrate with analytics service","status":"passed","title":"should integrate with analytics service","duration":31.700000000000728,"failureMessages":[],"meta":{}},{"ancestorTitles":["Widget Management Component","Integration Testing"],"fullName":"Widget Management Component Integration Testing should handle error boundaries gracefully","status":"passed","title":"should handle error boundaries gracefully","duration":10.610099999999875,"failureMessages":[],"meta":{}},{"ancestorTitles":["Widget Management Component","Edge Cases and Error Handling"],"fullName":"Widget Management Component Edge Cases and Error Handling should handle missing permissions gracefully","status":"passed","title":"should handle missing permissions gracefully","duration":2.0999000000001615,"failureMessages":[],"meta":{}},{"ancestorTitles":["Widget Management Component","Edge Cases and Error Handling"],"fullName":"Widget Management Component Edge Cases and Error Handling should handle network failures","status":"passed","title":"should handle network failures","duration":1.40099999999984,"failureMessages":[],"meta":{}},{"ancestorTitles":["Widget Management Component","Edge Cases and Error Handling"],"fullName":"Widget Management Component Edge Cases and Error Handling should validate widget data integrity","status":"passed","title":"should validate widget data integrity","duration":0.2812000000003536,"failureMessages":[],"meta":{}}],"startTime":1757914719208,"endTime":1757914719384.2812,"status":"passed","message":"","name":"C:/Users/Drood/Desktop/Blunari SAAS/apps/client-dashboard/src/components/__tests__/WidgetManagement.test.tsx"},{"assertionResults":[{"ancestorTitles":["Widget Analytics Integration","Analytics Data Flow"],"fullName":"Widget Analytics Integration Analytics Data Flow should collect and send analytics data","status":"passed","title":"should collect and send analytics data","duration":80.05790000000025,"failureMessages":[],"meta":{}},{"ancestorTitles":["Widget Analytics Integration","Analytics Data Flow"],"fullName":"Widget Analytics Integration Analytics Data Flow should handle analytics batch processing","status":"passed","title":"should handle analytics batch processing","duration":3.4364000000000487,"failureMessages":[],"meta":{}},{"ancestorTitles":["Widget Analytics Integration","Real-time Analytics"],"fullName":"Widget Analytics Integration Real-time Analytics should establish real-time analytics subscription","status":"passed","title":"should establish real-time analytics subscription","duration":2003.0586999999996,"failureMessages":[],"meta":{}},{"ancestorTitles":["Widget Analytics Integration","Real-time Analytics"],"fullName":"Widget Analytics Integration Real-time Analytics should handle real-time connection failures","status":"passed","title":"should handle real-time connection failures","duration":1001.1241,"failureMessages":[],"meta":{}},{"ancestorTitles":["Widget Analytics Integration","Analytics Data Validation"],"fullName":"Widget Analytics Integration Analytics Data Validation should validate analytics payload structure","status":"passed","title":"should validate analytics payload structure","duration":0.5507999999999811,"failureMessages":[],"meta":{}},{"ancestorTitles":["Widget Analytics Integration","Analytics Data Validation"],"fullName":"Widget Analytics Integration Analytics Data Validation should reject invalid analytics data","status":"passed","title":"should reject invalid analytics data","duration":0.3371999999999389,"failureMessages":[],"meta":{}},{"ancestorTitles":["Widget Analytics Integration","Performance Analytics"],"fullName":"Widget Analytics Integration Performance Analytics should track widget rendering performance","status":"passed","title":"should track widget rendering performance","duration":2.267700000000332,"failureMessages":[],"meta":{}},{"ancestorTitles":["Widget Analytics Integration","Performance Analytics"],"fullName":"Widget Analytics Integration Performance Analytics should benchmark analytics processing speed","status":"passed","title":"should benchmark analytics processing speed","duration":1.1355000000003201,"failureMessages":[],"meta":{}},{"ancestorTitles":["Widget Analytics Integration","Error Handling and Resilience"],"fullName":"Widget Analytics Integration Error Handling and Resilience should handle analytics service downtime","status":"passed","title":"should handle analytics service downtime","duration":2.3981000000003405,"failureMessages":[],"meta":{}},{"ancestorTitles":["Widget Analytics Integration","Error Handling and Resilience"],"fullName":"Widget Analytics Integration Error Handling and Resilience should implement retry logic for failed requests","status":"passed","title":"should implement retry logic for failed requests","duration":0.495600000000195,"failureMessages":[],"meta":{}},{"ancestorTitles":["Widget Analytics Integration","Error Handling and Resilience"],"fullName":"Widget Analytics Integration Error Handling and Resilience should queue analytics data during offline periods","status":"passed","title":"should queue analytics data during offline periods","duration":0.860700000000179,"failureMessages":[],"meta":{}},{"ancestorTitles":["Widget Analytics Integration","Privacy and Security"],"fullName":"Widget Analytics Integration Privacy and Security should sanitize sensitive data in analytics","status":"passed","title":"should sanitize sensitive data in analytics","duration":0.36999999999989086,"failureMessages":[],"meta":{}},{"ancestorTitles":["Widget Analytics Integration","Privacy and Security"],"fullName":"Widget Analytics Integration Privacy and Security should respect user privacy preferences","status":"passed","title":"should respect user privacy preferences","duration":0.24969999999939319,"failureMessages":[],"meta":{}},{"ancestorTitles":["Widget Analytics Integration","Analytics Reporting"],"fullName":"Widget Analytics Integration Analytics Reporting should generate comprehensive analytics reports","status":"passed","title":"should generate comprehensive analytics reports","duration":0.4363000000003012,"failureMessages":[],"meta":{}},{"ancestorTitles":["Widget Analytics Integration","Analytics Reporting"],"fullName":"Widget Analytics Integration Analytics Reporting should export analytics data in multiple formats","status":"passed","title":"should export analytics data in multiple formats","duration":0.3238000000001193,"failureMessages":[],"meta":{}}],"startTime":1757914715233,"endTime":1757914718330.4363,"status":"passed","message":"","name":"C:/Users/Drood/Desktop/Blunari SAAS/apps/client-dashboard/src/__tests__/integration/analytics.test.ts"},{"assertionResults":[{"ancestorTitles":["Performance Benchmarks","Core Performance Standards"],"fullName":"Performance Benchmarks Core Performance Standards should meet enterprise rendering benchmarks","status":"passed","title":"should meet enterprise rendering benchmarks","duration":120.08169999999973,"failureMessages":[],"meta":{}},{"ancestorTitles":["Performance Benchmarks","Core Performance Standards"],"fullName":"Performance Benchmarks Core Performance Standards should optimize JavaScript execution performance","status":"passed","title":"should optimize JavaScript execution performance","duration":86.70700000000033,"failureMessages":[],"meta":{}},{"ancestorTitles":["Performance Benchmarks","Core Performance Standards"],"fullName":"Performance Benchmarks Core Performance Standards should handle large dataset operations efficiently","status":"passed","title":"should handle large dataset operations efficiently","duration":127.35850000000028,"failureMessages":[],"meta":{}},{"ancestorTitles":["Performance Benchmarks","Memory Performance"],"fullName":"Performance Benchmarks Memory Performance should maintain efficient memory usage","status":"passed","title":"should maintain efficient memory usage","duration":0.8577000000004773,"failureMessages":[],"meta":{}},{"ancestorTitles":["Performance Benchmarks","Memory Performance"],"fullName":"Performance Benchmarks Memory Performance should prevent memory leaks in widget operations","status":"passed","title":"should prevent memory leaks in widget operations","duration":5.861800000000585,"failureMessages":[],"meta":{}},{"ancestorTitles":["Performance Benchmarks","Network Performance"],"fullName":"Performance Benchmarks Network Performance should optimize API request batching","status":"passed","title":"should optimize API request batching","duration":1.5247999999992317,"failureMessages":[],"meta":{}},{"ancestorTitles":["Performance Benchmarks","Network Performance"],"fullName":"Performance Benchmarks Network Performance should handle concurrent request optimization","status":"passed","title":"should handle concurrent request optimization","duration":1.7395999999998821,"failureMessages":[],"meta":{}},{"ancestorTitles":["Performance Benchmarks","Database Operation Simulation"],"fullName":"Performance Benchmarks Database Operation Simulation should optimize database query simulation","status":"passed","title":"should optimize database query simulation","duration":183.36259999999947,"failureMessages":[],"meta":{}},{"ancestorTitles":["Performance Benchmarks","Database Operation Simulation"],"fullName":"Performance Benchmarks Database Operation Simulation should optimize widget configuration queries","status":"passed","title":"should optimize widget configuration queries","duration":155.60779999999977,"failureMessages":[],"meta":{}},{"ancestorTitles":["Performance Benchmarks","Real-time Performance"],"fullName":"Performance Benchmarks Real-time Performance should handle real-time update processing","status":"passed","title":"should handle real-time update processing","duration":13.13130000000001,"failureMessages":[],"meta":{}},{"ancestorTitles":["Performance Benchmarks","Real-time Performance"],"fullName":"Performance Benchmarks Real-time Performance should optimize WebSocket message processing","status":"passed","title":"should optimize WebSocket message processing","duration":11.88799999999992,"failureMessages":[],"meta":{}},{"ancestorTitles":["Performance Benchmarks","Comprehensive Performance Report"],"fullName":"Performance Benchmarks Comprehensive Performance Report should generate performance analytics","status":"passed","title":"should generate performance analytics","duration":4.891400000000431,"failureMessages":[],"meta":{}},{"ancestorTitles":["Performance Benchmarks","Comprehensive Performance Report"],"fullName":"Performance Benchmarks Comprehensive Performance Report should meet enterprise performance KPIs","status":"passed","title":"should meet enterprise performance KPIs","duration":0.19759999999951106,"failureMessages":[],"meta":{}},{"ancestorTitles":["Performance Benchmarks","Comprehensive Performance Report"],"fullName":"Performance Benchmarks Comprehensive Performance Report should validate performance regression detection","status":"passed","title":"should validate performance regression detection","duration":0.16960000000017317,"failureMessages":[],"meta":{}}],"startTime":1757914718361,"endTime":1757914719075.1975,"status":"passed","message":"","name":"C:/Users/Drood/Desktop/Blunari SAAS/apps/client-dashboard/src/__tests__/performance/benchmarks.test.ts"},{"assertionResults":[{"ancestorTitles":["useWidgetAnalytics"],"fullName":"useWidgetAnalytics should handle missing tenant data gracefully","status":"passed","title":"should handle missing tenant data gracefully","duration":5.53899999999976,"failureMessages":[],"meta":{}},{"ancestorTitles":["useWidgetAnalytics"],"fullName":"useWidgetAnalytics should handle successful edge function response (forceEdge)","status":"passed","title":"should handle successful edge function response (forceEdge)","duration":3.8225000000002183,"failureMessages":[],"meta":{}},{"ancestorTitles":["useWidgetAnalytics"],"fullName":"useWidgetAnalytics should handle edge function error and fall back to database","status":"passed","title":"should handle edge function error and fall back to database","duration":2.5077999999994063,"failureMessages":[],"meta":{}},{"ancestorTitles":["useWidgetAnalytics"],"fullName":"useWidgetAnalytics should prevent concurrent fetches (dedup in-flight)","status":"passed","title":"should prevent concurrent fetches (dedup in-flight)","duration":4.035399999999754,"failureMessages":[],"meta":{}},{"ancestorTitles":["useWidgetAnalytics"],"fullName":"useWidgetAnalytics should surface error with no data when all fallbacks fail (no synthetic)","status":"passed","title":"should surface error with no data when all fallbacks fail (no synthetic)","duration":3.5338999999994485,"failureMessages":[],"meta":{}},{"ancestorTitles":["useWidgetAnalytics"],"fullName":"useWidgetAnalytics should not contain synthetic placeholder strings in successful analytics data","status":"passed","title":"should not contain synthetic placeholder strings in successful analytics data","duration":3.99330000000009,"failureMessages":[],"meta":{}}],"startTime":1757914719458,"endTime":1757914719481.9934,"status":"passed","message":"","name":"C:/Users/Drood/Desktop/Blunari SAAS/apps/client-dashboard/src/widgets/management/analytics/__tests__/useWidgetAnalytics.test.ts"}]}