{"numTotalTestSuites":27,"numPassedTestSuites":27,"numFailedTestSuites":0,"numPendingTestSuites":0,"numTotalTests":52,"numPassedTests":52,"numFailedTests":0,"numPendingTests":0,"numTodoTests":0,"snapshot":{"added":0,"failure":false,"filesAdded":0,"filesRemoved":0,"filesRemovedList":[],"filesUnmatched":0,"filesUpdated":0,"matched":0,"total":0,"unchecked":0,"uncheckedKeysByFile":[],"unmatched":0,"updated":0,"didUpdate":false},"startTime":1757831270866,"success":true,"testResults":[{"assertionResults":[{"ancestorTitles":["Widget Management Component","Rendering and Basic Functionality"],"fullName":"Widget Management Component Rendering and Basic Functionality should render widget management interface correctly","status":"passed","title":"should render widget management interface correctly","duration":55.35120000000006,"failureMessages":[],"meta":{}},{"ancestorTitles":["Widget Management Component","Rendering and Basic Functionality"],"fullName":"Widget Management Component Rendering and Basic Functionality should handle create widget button click","status":"passed","title":"should handle create widget button click","duration":66.92199999999957,"failureMessages":[],"meta":{}},{"ancestorTitles":["Widget Management Component","Rendering and Basic Functionality"],"fullName":"Widget Management Component Rendering and Basic Functionality should display widget list items","status":"passed","title":"should display widget list items","duration":2.7971999999999753,"failureMessages":[],"meta":{}},{"ancestorTitles":["Widget Management Component","Accessibility Testing"],"fullName":"Widget Management Component Accessibility Testing should meet accessibility standards","status":"passed","title":"should meet accessibility standards","duration":34.061399999999594,"failureMessages":[],"meta":{}},{"ancestorTitles":["Widget Management Component","Accessibility Testing"],"fullName":"Widget Management Component Accessibility Testing should support keyboard navigation","status":"passed","title":"should support keyboard navigation","duration":3.3320999999996275,"failureMessages":[],"meta":{}},{"ancestorTitles":["Widget Management Component","Accessibility Testing"],"fullName":"Widget Management Component Accessibility Testing should have proper color contrast","status":"passed","title":"should have proper color contrast","duration":3.55199999999968,"failureMessages":[],"meta":{}},{"ancestorTitles":["Widget Management Component","Performance Testing"],"fullName":"Widget Management Component Performance Testing should render efficiently without memory leaks","status":"passed","title":"should render efficiently without memory leaks","duration":4.099799999999959,"failureMessages":[],"meta":{}},{"ancestorTitles":["Widget Management Component","Performance Testing"],"fullName":"Widget Management Component Performance Testing should handle rapid interactions efficiently","status":"passed","title":"should handle rapid interactions efficiently","duration":12.894500000000335,"failureMessages":[],"meta":{}},{"ancestorTitles":["Widget Management Component","Performance Testing"],"fullName":"Widget Management Component Performance Testing should track re-renders accurately","status":"passed","title":"should track re-renders accurately","duration":2.0942999999997483,"failureMessages":[],"meta":{}},{"ancestorTitles":["Widget Management Component","Integration Testing"],"fullName":"Widget Management Component Integration Testing should integrate with analytics service","status":"passed","title":"should integrate with analytics service","duration":43.01940000000013,"failureMessages":[],"meta":{}},{"ancestorTitles":["Widget Management Component","Integration Testing"],"fullName":"Widget Management Component Integration Testing should handle error boundaries gracefully","status":"passed","title":"should handle error boundaries gracefully","duration":10.661600000000362,"failureMessages":[],"meta":{}},{"ancestorTitles":["Widget Management Component","Edge Cases and Error Handling"],"fullName":"Widget Management Component Edge Cases and Error Handling should handle missing permissions gracefully","status":"passed","title":"should handle missing permissions gracefully","duration":1.8034999999999854,"failureMessages":[],"meta":{}},{"ancestorTitles":["Widget Management Component","Edge Cases and Error Handling"],"fullName":"Widget Management Component Edge Cases and Error Handling should handle network failures","status":"passed","title":"should handle network failures","duration":1.397899999999936,"failureMessages":[],"meta":{}},{"ancestorTitles":["Widget Management Component","Edge Cases and Error Handling"],"fullName":"Widget Management Component Edge Cases and Error Handling should validate widget data integrity","status":"passed","title":"should validate widget data integrity","duration":0.2750999999998385,"failureMessages":[],"meta":{}},{"ancestorTitles":["Widget Management Component","World-Class Feature Testing"],"fullName":"Widget Management Component World-Class Feature Testing should maintain enterprise-grade performance standards","status":"passed","title":"should maintain enterprise-grade performance standards","duration":0.9416000000001077,"failureMessages":[],"meta":{}},{"ancestorTitles":["Widget Management Component","World-Class Feature Testing"],"fullName":"Widget Management Component World-Class Feature Testing should support comprehensive analytics tracking","status":"passed","title":"should support comprehensive analytics tracking","duration":0.40680000000065775,"failureMessages":[],"meta":{}},{"ancestorTitles":["Widget Management Component","World-Class Feature Testing"],"fullName":"Widget Management Component World-Class Feature Testing should generate comprehensive test reports","status":"passed","title":"should generate comprehensive test reports","duration":0.3573999999998705,"failureMessages":[],"meta":{}}],"startTime":1757831277148,"endTime":1757831277392.4067,"status":"passed","message":"","name":"C:/Users/Drood/Desktop/Blunari SAAS/apps/client-dashboard/src/components/__tests__/WidgetManagement.test.tsx"},{"assertionResults":[{"ancestorTitles":["Widget Analytics Integration","Analytics Data Flow"],"fullName":"Widget Analytics Integration Analytics Data Flow should collect and send analytics data","status":"passed","title":"should collect and send analytics data","duration":91.97029999999995,"failureMessages":[],"meta":{}},{"ancestorTitles":["Widget Analytics Integration","Analytics Data Flow"],"fullName":"Widget Analytics Integration Analytics Data Flow should handle analytics batch processing","status":"passed","title":"should handle analytics batch processing","duration":4.202600000000075,"failureMessages":[],"meta":{}},{"ancestorTitles":["Widget Analytics Integration","Real-time Analytics"],"fullName":"Widget Analytics Integration Real-time Analytics should establish real-time analytics subscription","status":"passed","title":"should establish real-time analytics subscription","duration":2012.1811000000002,"failureMessages":[],"meta":{}},{"ancestorTitles":["Widget Analytics Integration","Real-time Analytics"],"fullName":"Widget Analytics Integration Real-time Analytics should handle real-time connection failures","status":"passed","title":"should handle real-time connection failures","duration":1011.7384999999995,"failureMessages":[],"meta":{}},{"ancestorTitles":["Widget Analytics Integration","Analytics Data Validation"],"fullName":"Widget Analytics Integration Analytics Data Validation should validate analytics payload structure","status":"passed","title":"should validate analytics payload structure","duration":0.5976000000000568,"failureMessages":[],"meta":{}},{"ancestorTitles":["Widget Analytics Integration","Analytics Data Validation"],"fullName":"Widget Analytics Integration Analytics Data Validation should reject invalid analytics data","status":"passed","title":"should reject invalid analytics data","duration":0.39100000000053114,"failureMessages":[],"meta":{}},{"ancestorTitles":["Widget Analytics Integration","Performance Analytics"],"fullName":"Widget Analytics Integration Performance Analytics should track widget rendering performance","status":"passed","title":"should track widget rendering performance","duration":2.6482999999998356,"failureMessages":[],"meta":{}},{"ancestorTitles":["Widget Analytics Integration","Performance Analytics"],"fullName":"Widget Analytics Integration Performance Analytics should benchmark analytics processing speed","status":"passed","title":"should benchmark analytics processing speed","duration":1.274399999999332,"failureMessages":[],"meta":{}},{"ancestorTitles":["Widget Analytics Integration","Error Handling and Resilience"],"fullName":"Widget Analytics Integration Error Handling and Resilience should handle analytics service downtime","status":"passed","title":"should handle analytics service downtime","duration":2.69419999999991,"failureMessages":[],"meta":{}},{"ancestorTitles":["Widget Analytics Integration","Error Handling and Resilience"],"fullName":"Widget Analytics Integration Error Handling and Resilience should implement retry logic for failed requests","status":"passed","title":"should implement retry logic for failed requests","duration":0.5608000000001994,"failureMessages":[],"meta":{}},{"ancestorTitles":["Widget Analytics Integration","Error Handling and Resilience"],"fullName":"Widget Analytics Integration Error Handling and Resilience should queue analytics data during offline periods","status":"passed","title":"should queue analytics data during offline periods","duration":0.9519000000000233,"failureMessages":[],"meta":{}},{"ancestorTitles":["Widget Analytics Integration","Privacy and Security"],"fullName":"Widget Analytics Integration Privacy and Security should sanitize sensitive data in analytics","status":"passed","title":"should sanitize sensitive data in analytics","duration":0.40540000000055443,"failureMessages":[],"meta":{}},{"ancestorTitles":["Widget Analytics Integration","Privacy and Security"],"fullName":"Widget Analytics Integration Privacy and Security should respect user privacy preferences","status":"passed","title":"should respect user privacy preferences","duration":0.27599999999983993,"failureMessages":[],"meta":{}},{"ancestorTitles":["Widget Analytics Integration","Analytics Reporting"],"fullName":"Widget Analytics Integration Analytics Reporting should generate comprehensive analytics reports","status":"passed","title":"should generate comprehensive analytics reports","duration":0.45899999999983265,"failureMessages":[],"meta":{}},{"ancestorTitles":["Widget Analytics Integration","Analytics Reporting"],"fullName":"Widget Analytics Integration Analytics Reporting should export analytics data in multiple formats","status":"passed","title":"should export analytics data in multiple formats","duration":0.3666000000002896,"failureMessages":[],"meta":{}}],"startTime":1757831273128,"endTime":1757831276259.3667,"status":"passed","message":"","name":"C:/Users/Drood/Desktop/Blunari SAAS/apps/client-dashboard/src/__tests__/integration/analytics.test.ts"},{"assertionResults":[{"ancestorTitles":["Performance Benchmarks","Core Performance Standards"],"fullName":"Performance Benchmarks Core Performance Standards should meet enterprise rendering benchmarks","status":"passed","title":"should meet enterprise rendering benchmarks","duration":126.74009999999998,"failureMessages":[],"meta":{}},{"ancestorTitles":["Performance Benchmarks","Core Performance Standards"],"fullName":"Performance Benchmarks Core Performance Standards should optimize JavaScript execution performance","status":"passed","title":"should optimize JavaScript execution performance","duration":86.72720000000027,"failureMessages":[],"meta":{}},{"ancestorTitles":["Performance Benchmarks","Core Performance Standards"],"fullName":"Performance Benchmarks Core Performance Standards should handle large dataset operations efficiently","status":"passed","title":"should handle large dataset operations efficiently","duration":140.36509999999998,"failureMessages":[],"meta":{}},{"ancestorTitles":["Performance Benchmarks","Memory Performance"],"fullName":"Performance Benchmarks Memory Performance should maintain efficient memory usage","status":"passed","title":"should maintain efficient memory usage","duration":0.7620999999999185,"failureMessages":[],"meta":{}},{"ancestorTitles":["Performance Benchmarks","Memory Performance"],"fullName":"Performance Benchmarks Memory Performance should prevent memory leaks in widget operations","status":"passed","title":"should prevent memory leaks in widget operations","duration":7.682600000000093,"failureMessages":[],"meta":{}},{"ancestorTitles":["Performance Benchmarks","Network Performance"],"fullName":"Performance Benchmarks Network Performance should optimize API request batching","status":"passed","title":"should optimize API request batching","duration":1.7730000000001382,"failureMessages":[],"meta":{}},{"ancestorTitles":["Performance Benchmarks","Network Performance"],"fullName":"Performance Benchmarks Network Performance should handle concurrent request optimization","status":"passed","title":"should handle concurrent request optimization","duration":1.9238000000004831,"failureMessages":[],"meta":{}},{"ancestorTitles":["Performance Benchmarks","Database Operation Simulation"],"fullName":"Performance Benchmarks Database Operation Simulation should optimize database query simulation","status":"passed","title":"should optimize database query simulation","duration":154.5569999999998,"failureMessages":[],"meta":{}},{"ancestorTitles":["Performance Benchmarks","Database Operation Simulation"],"fullName":"Performance Benchmarks Database Operation Simulation should optimize widget configuration queries","status":"passed","title":"should optimize widget configuration queries","duration":153.83140000000003,"failureMessages":[],"meta":{}},{"ancestorTitles":["Performance Benchmarks","Real-time Performance"],"fullName":"Performance Benchmarks Real-time Performance should handle real-time update processing","status":"passed","title":"should handle real-time update processing","duration":13.604099999999562,"failureMessages":[],"meta":{}},{"ancestorTitles":["Performance Benchmarks","Real-time Performance"],"fullName":"Performance Benchmarks Real-time Performance should optimize WebSocket message processing","status":"passed","title":"should optimize WebSocket message processing","duration":13.627700000000004,"failureMessages":[],"meta":{}},{"ancestorTitles":["Performance Benchmarks","Comprehensive Performance Report"],"fullName":"Performance Benchmarks Comprehensive Performance Report should generate performance analytics","status":"passed","title":"should generate performance analytics","duration":9.850100000000566,"failureMessages":[],"meta":{}},{"ancestorTitles":["Performance Benchmarks","Comprehensive Performance Report"],"fullName":"Performance Benchmarks Comprehensive Performance Report should meet enterprise performance KPIs","status":"passed","title":"should meet enterprise performance KPIs","duration":0.4774999999999636,"failureMessages":[],"meta":{}},{"ancestorTitles":["Performance Benchmarks","Comprehensive Performance Report"],"fullName":"Performance Benchmarks Comprehensive Performance Report should validate performance regression detection","status":"passed","title":"should validate performance regression detection","duration":0.31670000000030996,"failureMessages":[],"meta":{}}],"startTime":1757831276293,"endTime":1757831277005.3167,"status":"passed","message":"","name":"C:/Users/Drood/Desktop/Blunari SAAS/apps/client-dashboard/src/__tests__/performance/benchmarks.test.ts"},{"assertionResults":[{"ancestorTitles":["useWidgetAnalytics"],"fullName":"useWidgetAnalytics should handle missing tenant data gracefully","status":"passed","title":"should handle missing tenant data gracefully","duration":3.2948000000005777,"failureMessages":[],"meta":{}},{"ancestorTitles":["useWidgetAnalytics"],"fullName":"useWidgetAnalytics should handle successful edge function response (forceEdge)","status":"passed","title":"should handle successful edge function response (forceEdge)","duration":3.3368000000000393,"failureMessages":[],"meta":{}},{"ancestorTitles":["useWidgetAnalytics"],"fullName":"useWidgetAnalytics should handle edge function error and fall back to database","status":"passed","title":"should handle edge function error and fall back to database","duration":6.48739999999998,"failureMessages":[],"meta":{}},{"ancestorTitles":["useWidgetAnalytics"],"fullName":"useWidgetAnalytics should prevent concurrent fetches (dedup in-flight)","status":"passed","title":"should prevent concurrent fetches (dedup in-flight)","duration":3.8207000000002154,"failureMessages":[],"meta":{}},{"ancestorTitles":["useWidgetAnalytics"],"fullName":"useWidgetAnalytics should surface error with no data when all fallbacks fail (no synthetic)","status":"passed","title":"should surface error with no data when all fallbacks fail (no synthetic)","duration":3.2447999999994863,"failureMessages":[],"meta":{}},{"ancestorTitles":["useWidgetAnalytics"],"fullName":"useWidgetAnalytics should not contain synthetic placeholder strings in successful analytics data","status":"passed","title":"should not contain synthetic placeholder strings in successful analytics data","duration":3.327400000000125,"failureMessages":[],"meta":{}}],"startTime":1757831277458,"endTime":1757831277481.3274,"status":"passed","message":"","name":"C:/Users/Drood/Desktop/Blunari SAAS/apps/client-dashboard/src/widgets/management/analytics/__tests__/useWidgetAnalytics.test.ts"}]}